TN:
SF:/Users/maximslastyon/work/blogSite/src/App.vue
FNF:0
FNH:0
DA:17,0
DA:18,0
DA:21,0
LF:3
LH:0
BRF:0
BRH:0
end_of_record
TN:
SF:/Users/maximslastyon/work/blogSite/src/components/ArticleView.vue
FN:5,(anonymous_1)
FN:12,(anonymous_2)
FN:16,(anonymous_3)
FNF:3
FNH:2
FNDA:2,(anonymous_1)
FNDA:5,(anonymous_2)
FNDA:0,(anonymous_3)
DA:2,2
DA:5,4
DA:6,2
DA:8,2
DA:10,2
DA:13,5
DA:17,0
DA:23,2
LF:8
LH:7
BRDA:13,0,0,4
BRDA:13,0,1,1
BRF:2
BRH:2
end_of_record
TN:
SF:/Users/maximslastyon/work/blogSite/src/components/HelloWorld.vue
FN:21,(anonymous_1)
FN:26,(anonymous_2)
FN:30,(anonymous_3)
FN:35,(anonymous_4)
FNF:4
FNH:2
FNDA:1,(anonymous_1)
FNDA:0,(anonymous_2)
FNDA:1,(anonymous_3)
FNDA:0,(anonymous_4)
DA:18,1
DA:21,2
DA:22,1
DA:24,1
DA:27,0
DA:31,1
DA:32,1
DA:36,0
DA:37,0
LF:9
LH:6
BRF:0
BRH:0
end_of_record
TN:
SF:/Users/maximslastyon/work/blogSite/src/components/layout/FooterComponent.vue
FNF:0
FNH:0
DA:2,0
LF:1
LH:0
BRF:0
BRH:0
end_of_record
TN:
SF:/Users/maximslastyon/work/blogSite/src/components/layout/HeaderComponent.vue
FN:5,(anonymous_1)
FN:10,(anonymous_2)
FN:14,(anonymous_3)
FN:17,(anonymous_4)
FNF:4
FNH:0
FNDA:0,(anonymous_1)
FNDA:0,(anonymous_2)
FNDA:0,(anonymous_3)
FNDA:0,(anonymous_4)
DA:2,0
DA:5,0
DA:6,0
DA:7,0
DA:9,0
DA:11,0
DA:12,0
DA:15,0
DA:18,0
LF:9
LH:0
BRF:0
BRH:0
end_of_record
TN:
SF:/Users/maximslastyon/work/blogSite/src/plugins/element.js
FNF:0
FNH:0
DA:5,0
LF:1
LH:0
BRF:0
BRH:0
end_of_record
TN:
SF:/Users/maximslastyon/work/blogSite/src/views/ArticlePage.vue
FN:9,(anonymous_1)
FN:17,(anonymous_2)
FN:21,(anonymous_3)
FN:26,(anonymous_4)
FNF:4
FNH:0
FNDA:0,(anonymous_1)
FNDA:0,(anonymous_2)
FNDA:0,(anonymous_3)
FNDA:0,(anonymous_4)
DA:2,0
DA:3,0
DA:4,0
DA:9,0
DA:10,0
DA:11,0
DA:12,0
DA:13,0
DA:14,0
DA:15,0
DA:18,0
DA:22,0
DA:23,0
DA:27,0
LF:14
LH:0
BRF:0
BRH:0
end_of_record
TN:
SF:/Users/maximslastyon/work/blogSite/src/views/Home.vue
FN:54,(anonymous_1)
FN:59,(anonymous_2)
FNF:2
FNH:2
FNDA:3,(anonymous_1)
FNDA:1,(anonymous_2)
DA:41,1
DA:42,1
DA:43,1
DA:46,1
DA:54,1
DA:55,1
DA:56,3
DA:57,3
DA:60,1
LF:9
LH:9
BRF:0
BRH:0
end_of_record
TN:
SF:/Users/maximslastyon/work/blogSite/src/views/LoginPage.vue
FN:6,(anonymous_1)
FN:7,(anonymous_2)
FN:19,(anonymous_3)
FN:38,(anonymous_4)
FN:39,(anonymous_5)
FN:43,(anonymous_6)
FN:52,(anonymous_7)
FN:63,(anonymous_8)
FNF:8
FNH:0
FNDA:0,(anonymous_1)
FNDA:0,(anonymous_2)
FNDA:0,(anonymous_3)
FNDA:0,(anonymous_4)
FNDA:0,(anonymous_5)
FNDA:0,(anonymous_6)
FNDA:0,(anonymous_7)
FNDA:0,(anonymous_8)
DA:2,0
DA:3,0
DA:6,0
DA:7,0
DA:8,0
DA:9,0
DA:10,0
DA:12,0
DA:15,0
DA:20,0
DA:35,0
DA:39,0
DA:40,0
DA:42,0
DA:48,0
DA:49,0
DA:50,0
DA:51,0
DA:54,0
DA:57,0
DA:58,0
DA:64,0
DA:65,0
LF:23
LH:0
BRDA:9,0,0,0
BRDA:9,0,1,0
BRDA:40,1,0,0
BRDA:40,1,1,0
BRF:4
BRH:0
end_of_record
TN:
SF:/Users/maximslastyon/work/blogSite/src/views/PageNotFound.vue
FNF:0
FNH:0
DA:2,0
DA:5,0
LF:2
LH:0
BRF:0
BRH:0
end_of_record
